app/build/outputs/logs/manifest-merger-debug-report.txt
-- Merging decision tree log ---
manifest
ADDED from src/main/AndroidManifest.xml:2:1-22:12
	package
		ADDED from src/main/AndroidManifest.xml:3:5-43
		INJECTED from src/main/AndroidManifest.xml
		INJECTED from src/main/AndroidManifest.xml
	android:versionName
		INJECTED from src/main/AndroidManifest.xml
		INJECTED from src/main/AndroidManifest.xml
	xmlns:android
		ADDED from src/main/AndroidManifest.xml:2:11-69
	android:versionCode
		INJECTED from src/main/AndroidManifest.xml
		INJECTED from src/main/AndroidManifest.xml
uses-permission#android.permission.WRITE_EXTERNAL_STORAGE
ADDED from src/main/AndroidManifest.xml:5:5-81
	android:name
		ADDED from src/main/AndroidManifest.xml:5:22-78
application
ADDED from src/main/AndroidManifest.xml:7:5-20:19
	android:label
		ADDED from src/main/AndroidManifest.xml:10:9-41
	android:supportsRtl
		ADDED from src/main/AndroidManifest.xml:11:9-35
	android:allowBackup
		ADDED from src/main/AndroidManifest.xml:8:9-35
	android:icon
		ADDED from src/main/AndroidManifest.xml:9:9-43
	android:theme
		ADDED from src/main/AndroidManifest.xml:12:9-40
activity#com.github.heuberg.myconvert.MainActivity
ADDED from src/main/AndroidManifest.xml:13:9-18:20
	android:name
		ADDED from src/main/AndroidManifest.xml:13:19-47
intent-filter#android.intent.action.MAIN+android.intent.category.LAUNCHER
ADDED from src/main/AndroidManifest.xml:14:13-17:29
action#android.intent.action.MAIN
ADDED from src/main/AndroidManifest.xml:15:17-69
	android:name
		ADDED from src/main/AndroidManifest.xml:15:25-66
category#android.intent.category.LAUNCHER
ADDED from src/main/AndroidManifest.xml:16:17-77
	android:name
		ADDED from src/main/AndroidManifest.xml:16:27-74
activity#com.github.heuberg.myconvert.EditActivity
ADDED from src/main/AndroidManifest.xml:19:9-50
	android:name
		ADDED from src/main/AndroidManifest.xml:19:19-47
uses-sdk
INJECTED from src/main/AndroidManifest.xml reason: use-sdk injection requested
	android:targetSdkVersion
		INJECTED from src/main/AndroidManifest.xml
		INJECTED from src/main/AndroidManifest.xml
	android:minSdkVersion
		INJECTED from src/main/AndroidManifest.xml
		INJECTED from src/main/AndroidManifest.xml